#
# There is insufficient memory for the Java Runtime Environment to continue.
# Native memory allocation (mmap) failed to map 65536 bytes for Failed to commit metaspace.
# Possible reasons:
#   The system is out of physical RAM or swap space
#   The process is running with CompressedOops enabled, and the Java Heap may be blocking the growth of the native heap
# Possible solutions:
#   Reduce memory load on the system
#   Increase physical memory or swap space
#   Check if swap backing store is full
#   Decrease Java heap size (-Xmx/-Xms)
#   Decrease number of Java threads
#   Decrease Java thread stack sizes (-Xss)
#   Set larger code cache with -XX:ReservedCodeCacheSize=
#   JVM is running with Unscaled Compressed Oops mode in which the Java heap is
#     placed in the first 4GB address space. The Java Heap base address is the
#     maximum limit for the native heap growth. Please use -XX:HeapBaseMinAddress
#     to set the Java Heap base and to place the Java Heap above 4GB virtual address.
# This output file may be truncated or incomplete.
#
#  Out of Memory Error (virtualSpaceNode.cpp:108), pid=15036, tid=13952
#
# JRE version: OpenJDK Runtime Environment (16.0+36) (build 16+36-2231)
# Java VM: OpenJDK 64-Bit Server VM (16+36-2231, mixed mode, sharing, tiered, compressed oops, g1 gc, windows-amd64)
# No core dump will be written. Minidumps are not enabled by default on client versions of Windows
#

---------------  S U M M A R Y ------------

Command Line: -javaagent:C:\Program Files\JetBrains\IntelliJ IDEA 2020.3.3\lib\idea_rt.jar=61846:C:\Program Files\JetBrains\IntelliJ IDEA 2020.3.3\bin -Dfile.encoding=UTF-8 com.tradeunion.questionnaire.QuestionnaireApplication

Host: Intel(R) Core(TM) i5-5200U CPU @ 2.20GHz, 4 cores, 7G,  Windows 10 , 64 bit Build 19041 (10.0.19041.1202)
Time: Wed Nov 10 21:26:44 2021 Közép-európai téli idBuild 19041 (10.0.19041.1202) elapsed time: 15.604769 seconds (0d 0h 0m 15s)

---------------  T H R E A D  ---------------

Current thread (0x000001837d96e970):  JavaThread "restartedMain" [_thread_in_vm, id=13952, stack(0x00000051de200000,0x00000051de300000)]

Stack: [0x00000051de200000,0x00000051de300000]
Native frames: (J=compiled Java code, j=interpreted, Vv=VM code, C=native code)
V  [jvm.dll+0x6681da]
V  [jvm.dll+0x7c9d99]
V  [jvm.dll+0x7cb4d3]
V  [jvm.dll+0x7cbb33]
V  [jvm.dll+0x242ee5]
V  [jvm.dll+0x7c642b]
V  [jvm.dll+0x60de46]
V  [jvm.dll+0x1be92e]
V  [jvm.dll+0x6105a1]
V  [jvm.dll+0x60e741]
V  [jvm.dll+0x238680]
V  [jvm.dll+0x1ea52f]
V  [jvm.dll+0x1df891]
V  [jvm.dll+0x536168]
V  [jvm.dll+0x742a01]
V  [jvm.dll+0x4071af]
V  [jvm.dll+0x40d4d2]
C  [java.dll+0x17c8]

Java frames: (J=compiled Java code, j=interpreted, Vv=VM code)
J 854  java.lang.ClassLoader.defineClass1(Ljava/lang/ClassLoader;Ljava/lang/String;[BIILjava/security/ProtectionDomain;Ljava/lang/String;)Ljava/lang/Class; java.base@16 (0 bytes) @ 0x000001836def708b [0x000001836def6fc0+0x00000000000000cb]
J 1106 c1 java.lang.ClassLoader.defineClass(Ljava/lang/String;[BIILjava/security/ProtectionDomain;)Ljava/lang/Class; java.base@16 (43 bytes) @ 0x0000018366b98bd4 [0x0000018366b98880+0x0000000000000354]
J 1105 c1 java.security.SecureClassLoader.defineClass(Ljava/lang/String;[BIILjava/security/CodeSource;)Ljava/lang/Class; java.base@16 (16 bytes) @ 0x0000018366b9850c [0x0000018366b98440+0x00000000000000cc]
J 856 c1 jdk.internal.loader.BuiltinClassLoader.defineClass(Ljava/lang/String;Ljdk/internal/loader/Resource;)Ljava/lang/Class; java.base@16 (121 bytes) @ 0x0000018366b1fc4c [0x0000018366b1eca0+0x0000000000000fac]
J 867 c1 jdk.internal.loader.BuiltinClassLoader.findClassOnClassPathOrNull(Ljava/lang/String;)Ljava/lang/Class; java.base@16 (64 bytes) @ 0x0000018366b26874 [0x0000018366b257e0+0x0000000000001094]
J 4088 c1 jdk.internal.loader.BuiltinClassLoader.loadClassOrNull(Ljava/lang/String;Z)Ljava/lang/Class; java.base@16 (143 bytes) @ 0x000001836726d7bc [0x000001836726d460+0x000000000000035c]
J 712 c1 jdk.internal.loader.ClassLoaders$AppClassLoader.loadClass(Ljava/lang/String;Z)Ljava/lang/Class; java.base@16 (40 bytes) @ 0x0000018366abc40c [0x0000018366abbde0+0x000000000000062c]
J 708 c1 java.lang.ClassLoader.loadClass(Ljava/lang/String;)Ljava/lang/Class; java.base@16 (7 bytes) @ 0x0000018366ab9d4c [0x0000018366ab9c40+0x000000000000010c]
v  ~StubRoutines::call_stub
j  org.hibernate.cfg.Environment.buildBytecodeProvider(Ljava/lang/String;)Lorg/hibernate/bytecode/spi/BytecodeProvider;+26
j  org.hibernate.cfg.Environment.buildBytecodeProvider(Ljava/util/Properties;)Lorg/hibernate/bytecode/spi/BytecodeProvider;+10
j  org.hibernate.cfg.Environment.<clinit>()V+283
v  ~StubRoutines::call_stub
j  org.hibernate.jpa.boot.internal.EntityManagerFactoryBuilderImpl$MergedSettings.<init>()V+24
j  org.hibernate.jpa.boot.internal.EntityManagerFactoryBuilderImpl$MergedSettings.<init>(Lorg/hibernate/jpa/boot/internal/EntityManagerFactoryBuilderImpl$1;)V+1
j  org.hibernate.jpa.boot.internal.EntityManagerFactoryBuilderImpl.mergeSettings(Lorg/hibernate/jpa/boot/spi/PersistenceUnitDescriptor;Ljava/util/Map;Lorg/hibernate/boot/registry/StandardServiceRegistryBuilder;)Lorg/hibernate/jpa/boot/internal/EntityManagerFactoryBuilderImpl$MergedSettings;+5
j  org.hibernate.jpa.boot.internal.EntityManagerFactoryBuilderImpl.<init>(Lorg/hibernate/jpa/boot/spi/PersistenceUnitDescriptor;Ljava/util/Map;Ljava/lang/ClassLoader;Lorg/hibernate/boot/registry/classloading/spi/ClassLoaderService;)V+93
j  org.hibernate.jpa.boot.internal.EntityManagerFactoryBuilderImpl.<init>(Lorg/hibernate/jpa/boot/spi/PersistenceUnitDescriptor;Ljava/util/Map;)V+5
j  org.springframework.orm.jpa.vendor.SpringHibernateJpaPersistenceProvider.createContainerEntityManagerFactory(Ljavax/persistence/spi/PersistenceUnitInfo;Ljava/util/Map;)Ljavax/persistence/EntityManagerFactory;+52
j  org.springframework.orm.jpa.LocalContainerEntityManagerFactoryBean.createNativeEntityManagerFactory()Ljavax/persistence/EntityManagerFactory;+129
j  org.springframework.orm.jpa.AbstractEntityManagerFactoryBean.buildNativeEntityManagerFactory()Ljavax/persistence/EntityManagerFactory;+1
j  org.springframework.orm.jpa.AbstractEntityManagerFactoryBean.afterPropertiesSet()V+192
j  org.springframework.orm.jpa.LocalContainerEntityManagerFactoryBean.afterPropertiesSet()V+77
j  org.springframework.beans.factory.support.AbstractAutowireCapableBeanFactory.invokeInitMethods(Ljava/lang/String;Ljava/lang/Object;Lorg/springframework/beans/factory/support/RootBeanDefinition;)V+106
j  org.springframework.beans.factory.support.AbstractAutowireCapableBeanFactory.initializeBean(Ljava/lang/String;Ljava/lang/Object;Lorg/springframework/beans/factory/support/RootBeanDefinition;)Ljava/lang/Object;+59
j  org.springframework.beans.factory.support.AbstractAutowireCapableBeanFactory.doCreateBean(Ljava/lang/String;Lorg/springframework/beans/factory/support/RootBeanDefinition;[Ljava/lang/Object;)Ljava/lang/Object;+245
j  org.springframework.beans.factory.support.AbstractAutowireCapableBeanFactory.createBean(Ljava/lang/String;Lorg/springframework/beans/factory/support/RootBeanDefinition;[Ljava/lang/Object;)Ljava/lang/Object;+169
j  org.springframework.beans.factory.support.AbstractBeanFactory.lambda$doGetBean$0(Ljava/lang/String;Lorg/springframework/beans/factory/support/RootBeanDefinition;[Ljava/lang/Object;)Ljava/lang/Object;+4
j  org.springframework.beans.factory.support.AbstractBeanFactory$$Lambda$278+0x0000000800db1928.getObject()Ljava/lang/Object;+16
j  org.springframework.beans.factory.support.DefaultSingletonBeanRegistry.getSingleton(Ljava/lang/String;Lorg/springframework/beans/factory/ObjectFactory;)Ljava/lang/Object;+132
J 2987 c1 org.springframework.beans.factory.support.AbstractBeanFactory.doGetBean(Ljava/lang/String;Ljava/lang/Class;[Ljava/lang/Object;Z)Ljava/lang/Object; (832 bytes) @ 0x0000018366fb1e0c [0x0000018366faffa0+0x0000000000001e6c]
j  org.springframework.beans.factory.support.AbstractBeanFactory.getBean(Ljava/lang/String;)Ljava/lang/Object;+5
j  org.springframework.context.support.AbstractApplicationContext.getBean(Ljava/lang/String;)Ljava/lang/Object;+9
j  org.springframework.context.support.AbstractApplicationContext.finishBeanFactoryInitialization(Lorg/springframework/beans/factory/config/ConfigurableListableBeanFactory;)V+100
j  org.springframework.context.support.AbstractApplicationContext.refresh()V+86
j  org.springframework.boot.web.servlet.context.ServletWebServerApplicationContext.refresh()V+1
j  org.springframework.boot.SpringApplication.refresh(Lorg/springframework/context/ConfigurableApplicationContext;)V+1
j  org.springframework.boot.SpringApplication.refreshContext(Lorg/springframework/context/ConfigurableApplicationContext;)V+16
j  org.springframework.boot.SpringApplication.run([Ljava/lang/String;)Lorg/springframework/context/ConfigurableApplicationContext;+111
j  org.springframework.boot.SpringApplication.run([Ljava/lang/Class;[Ljava/lang/String;)Lorg/springframework/context/ConfigurableApplicationContext;+9
j  org.springframework.boot.SpringApplication.run(Ljava/lang/Class;[Ljava/lang/String;)Lorg/springframework/context/ConfigurableApplicationContext;+9
j  com.tradeunion.questionnaire.QuestionnaireApplication.main([Ljava/lang/String;)V+3
v  ~StubRoutines::call_stub
j  jdk.internal.reflect.NativeMethodAccessorImpl.invoke0(Ljava/lang/reflect/Method;Ljava/lang/Object;[Ljava/lang/Object;)Ljava/lang/Object;+0 java.base@16
j  jdk.internal.reflect.NativeMethodAccessorImpl.invoke(Ljava/lang/Object;[Ljava/lang/Object;)Ljava/lang/Object;+146 java.base@16
j  jdk.internal.reflect.DelegatingMethodAccessorImpl.invoke(Ljava/lang/Object;[Ljava/lang/Object;)Ljava/lang/Object;+6 java.base@16
j  java.lang.reflect.Method.invoke(Ljava/lang/Object;[Ljava/lang/Object;)Ljava/lang/Object;+59 java.base@16
j  org.springframework.boot.devtools.restart.RestartLauncher.run()V+42
v  ~StubRoutines::call_stub

---------------  P R O C E S S  ---------------

Threads class SMR info:
_java_thread_list=0x00000183091863d0, length=18, elements={
0x000001835ec790c0, 0x000001837c197820, 0x000001837c19a8f0, 0x000001837c1afef0,
0x000001837c1b0800, 0x000001837c1b1200, 0x000001837c1b3c10, 0x000001837c1b4940,
0x000001837c2226b0, 0x000001837c2254b0, 0x000001837c172b90, 0x000001837ce28c90,
0x000001837ce299c0, 0x000001837d67b250, 0x000001837d96e970, 0x0000018309477050,
0x0000018309474080, 0x0000018309476b00
}

Java Threads: ( => current thread )
  0x000001835ec790c0 JavaThread "main" [_thread_blocked, id=14652, stack(0x00000051dc800000,0x00000051dc900000)]
  0x000001837c197820 JavaThread "Reference Handler" daemon [_thread_blocked, id=10196, stack(0x00000051dd000000,0x00000051dd100000)]
  0x000001837c19a8f0 JavaThread "Finalizer" daemon [_thread_blocked, id=1068, stack(0x00000051dd100000,0x00000051dd200000)]
  0x000001837c1afef0 JavaThread "Signal Dispatcher" daemon [_thread_blocked, id=10776, stack(0x00000051dd200000,0x00000051dd300000)]
  0x000001837c1b0800 JavaThread "Attach Listener" daemon [_thread_blocked, id=7688, stack(0x00000051dd300000,0x00000051dd400000)]
  0x000001837c1b1200 JavaThread "Service Thread" daemon [_thread_blocked, id=9824, stack(0x00000051dd400000,0x00000051dd500000)]
  0x000001837c1b3c10 JavaThread "Monitor Deflation Thread" daemon [_thread_blocked, id=3008, stack(0x00000051dd500000,0x00000051dd600000)]
  0x000001837c1b4940 JavaThread "C2 CompilerThread0" daemon [_thread_blocked, id=13456, stack(0x00000051dd600000,0x00000051dd700000)]
  0x000001837c2226b0 JavaThread "C1 CompilerThread0" daemon [_thread_blocked, id=6800, stack(0x00000051dd700000,0x00000051dd800000)]
  0x000001837c2254b0 JavaThread "Sweeper thread" daemon [_thread_blocked, id=3636, stack(0x00000051dd800000,0x00000051dd900000)]
  0x000001837c172b90 JavaThread "Common-Cleaner" daemon [_thread_blocked, id=11204, stack(0x00000051dd900000,0x00000051dda00000)]
  0x000001837ce28c90 JavaThread "Monitor Ctrl-Break" daemon [_thread_in_native, id=5676, stack(0x00000051ddb00000,0x00000051ddc00000)]
  0x000001837ce299c0 JavaThread "Notification Thread" daemon [_thread_blocked, id=10888, stack(0x00000051ddc00000,0x00000051ddd00000)]
  0x000001837d67b250 JavaThread "Thread-0" [_thread_blocked, id=7236, stack(0x00000051dda00000,0x00000051ddb00000)]
=>0x000001837d96e970 JavaThread "restartedMain" [_thread_in_vm, id=13952, stack(0x00000051de200000,0x00000051de300000)]
  0x0000018309477050 JavaThread "Catalina-utility-1" [_thread_blocked, id=9720, stack(0x00000051de400000,0x00000051de500000)]
  0x0000018309474080 JavaThread "Catalina-utility-2" [_thread_blocked, id=8968, stack(0x00000051de500000,0x00000051de600000)]
  0x0000018309476b00 JavaThread "container-0" [_thread_blocked, id=9232, stack(0x00000051de600000,0x00000051de700000)]

Other Threads:
  0x000001837c193430 VMThread "VM Thread" [stack: 0x00000051dcf00000,0x00000051dd000000] [id=11748]
  0x000001835ec7a6e0 WatcherThread [stack: 0x00000051ddd00000,0x00000051dde00000] [id=14484]
  0x000001835ecb8bf0 GCTaskThread "GC Thread#0" [stack: 0x00000051dca00000,0x00000051dcb00000] [id=7592]
  0x000001837d6533f0 GCTaskThread "GC Thread#1" [stack: 0x00000051dde00000,0x00000051ddf00000] [id=14280]
  0x000001837d5fe8e0 GCTaskThread "GC Thread#2" [stack: 0x00000051ddf00000,0x00000051de000000] [id=13332]
  0x000001837d3d37b0 GCTaskThread "GC Thread#3" [stack: 0x00000051de000000,0x00000051de100000] [id=12784]
  0x000001835ecc9270 ConcurrentGCThread "G1 Main Marker" [stack: 0x00000051dcb00000,0x00000051dcc00000] [id=7968]
  0x000001835ecc9ce0 ConcurrentGCThread "G1 Conc#0" [stack: 0x00000051dcc00000,0x00000051dcd00000] [id=240]
  0x000001835ed2ffd0 ConcurrentGCThread "G1 Refine#0" [stack: 0x00000051dcd00000,0x00000051dce00000] [id=2492]
  0x000001837d76ce90 ConcurrentGCThread "G1 Refine#1" [stack: 0x00000051de100000,0x00000051de200000] [id=3248]
  0x000001835ed30a50 ConcurrentGCThread "G1 Service" [stack: 0x00000051dce00000,0x00000051dcf00000] [id=6856]

Threads with active compile tasks:

VM state: not at safepoint (normal execution)

VM Mutex/Monitor currently owned by a thread:  ([mutex/lock_event])
[0x000001835ec69e00] MetaspaceExpand_lock - owner thread: 0x000001837d96e970

Heap address: 0x0000000084e00000, size: 1970 MB, Compressed Oops mode: 32-bit
CDS archive(s) mapped at: [0x0000000800000000-0x0000000800bb0000-0x0000000800bb0000), size 12255232, SharedBaseAddress: 0x0000000800000000, ArchiveRelocationMode: 0.
Compressed class space mapped at: 0x0000000800c00000-0x0000000840c00000, reserved size: 1073741824
Narrow klass base: 0x0000000800000000, Narrow klass shift: 3, Narrow klass range: 0x100000000

GC Precious Log:
 CPUs: 4 total, 4 available
 Memory: 7875M
 Large Page Support: Disabled
 NUMA Support: Disabled
 Compressed Oops: Enabled (32-bit)
 Heap Region Size: 1M
 Heap Min Capacity: 8M
 Heap Initial Capacity: 124M
 Heap Max Capacity: 1970M
 Pre-touch: Disabled
 Parallel Workers: 4
 Concurrent Workers: 1
 Concurrent Refinement Workers: 4
 Periodic GC: Disabled

Heap:
 garbage-first heap   total 67584K, used 37639K [0x0000000084e00000, 0x0000000100000000)
  region size 1024K, 23 young (23552K), 3 survivors (3072K)
 Metaspace       used 33674K, committed 34048K, reserved 1081344K
  class space    used 4197K, committed 4416K, reserved 1048576K

Heap Regions: E=young(eden), S=young(survivor), O=old, HS=humongous(starts), HC=humongous(continues), CS=collection set, F=free, OA=open archive, CA=closed archive, TAMS=top-at-mark-start (previous, next)
|   0|0x0000000084e00000, 0x0000000084f00000, 0x0000000084f00000|100%|HS|  |TAMS 0x0000000084f00000, 0x0000000084e00000| Complete 
|   1|0x0000000084f00000, 0x0000000085000000, 0x0000000085000000|100%|HS|  |TAMS 0x0000000085000000, 0x0000000084f00000| Complete 
|   2|0x0000000085000000, 0x0000000085100000, 0x0000000085100000|100%| O|  |TAMS 0x0000000085100000, 0x0000000085000000| Untracked 
|   3|0x0000000085100000, 0x0000000085200000, 0x0000000085200000|100%| O|  |TAMS 0x0000000085200000, 0x0000000085100000| Untracked 
|   4|0x0000000085200000, 0x0000000085300000, 0x0000000085300000|100%| O|  |TAMS 0x0000000085300000, 0x0000000085200000| Untracked 
|   5|0x0000000085300000, 0x0000000085400000, 0x0000000085400000|100%| O|  |TAMS 0x0000000085400000, 0x0000000085300000| Untracked 
|   6|0x0000000085400000, 0x0000000085500000, 0x0000000085500000|100%| O|  |TAMS 0x0000000085500000, 0x0000000085400000| Untracked 
|   7|0x0000000085500000, 0x0000000085600000, 0x0000000085600000|100%| O|  |TAMS 0x0000000085600000, 0x0000000085500000| Untracked 
|   8|0x0000000085600000, 0x0000000085673400, 0x0000000085700000| 45%| O|  |TAMS 0x0000000085673400, 0x0000000085600000| Untracked 
|   9|0x0000000085700000, 0x0000000085800000, 0x0000000085800000|100%| O|  |TAMS 0x0000000085700000, 0x0000000085700000| Untracked 
|  10|0x0000000085800000, 0x0000000085900000, 0x0000000085900000|100%| O|  |TAMS 0x0000000085800000, 0x0000000085800000| Untracked 
|  11|0x0000000085900000, 0x0000000085a00000, 0x0000000085a00000|100%| O|  |TAMS 0x0000000085900000, 0x0000000085900000| Untracked 
|  12|0x0000000085a00000, 0x0000000085b00000, 0x0000000085b00000|100%| O|  |TAMS 0x0000000085a00000, 0x0000000085a00000| Untracked 
|  13|0x0000000085b00000, 0x0000000085c00000, 0x0000000085c00000|100%| O|  |TAMS 0x0000000085b00000, 0x0000000085b00000| Untracked 
|  14|0x0000000085c00000, 0x0000000085d00000, 0x0000000085d00000|100%| O|  |TAMS 0x0000000085c00000, 0x0000000085c00000| Untracked 
|  15|0x0000000085d00000, 0x0000000085e00000, 0x0000000085e00000|100%| O|  |TAMS 0x0000000085d00000, 0x0000000085d00000| Untracked 
|  16|0x0000000085e00000, 0x0000000085f00000, 0x0000000085f00000|100%| O|  |TAMS 0x0000000085e00000, 0x0000000085e00000| Untracked 
|  17|0x0000000085f00000, 0x0000000085f2b600, 0x0000000086000000| 16%| O|  |TAMS 0x0000000085f00000, 0x0000000085f00000| Untracked 
|  18|0x0000000086000000, 0x0000000086000000, 0x0000000086100000|  0%| F|  |TAMS 0x0000000086000000, 0x0000000086000000| Untracked 
|  19|0x0000000086100000, 0x0000000086100000, 0x0000000086200000|  0%| F|  |TAMS 0x0000000086100000, 0x0000000086100000| Untracked 
|  20|0x0000000086200000, 0x0000000086200000, 0x0000000086300000|  0%| F|  |TAMS 0x0000000086200000, 0x0000000086200000| Untracked 
|  21|0x0000000086300000, 0x0000000086300000, 0x0000000086400000|  0%| F|  |TAMS 0x0000000086300000, 0x0000000086300000| Untracked 
|  22|0x0000000086400000, 0x0000000086400000, 0x0000000086500000|  0%| F|  |TAMS 0x0000000086400000, 0x0000000086400000| Untracked 
|  23|0x0000000086500000, 0x0000000086500000, 0x0000000086600000|  0%| F|  |TAMS 0x0000000086500000, 0x0000000086500000| Untracked 
|  24|0x0000000086600000, 0x0000000086600000, 0x0000000086700000|  0%| F|  |TAMS 0x0000000086600000, 0x0000000086600000| Untracked 
|  25|0x0000000086700000, 0x0000000086700000, 0x0000000086800000|  0%| F|  |TAMS 0x0000000086700000, 0x0000000086700000| Untracked 
|  26|0x0000000086800000, 0x0000000086800000, 0x0000000086900000|  0%| F|  |TAMS 0x0000000086800000, 0x0000000086800000| Untracked 
|  27|0x0000000086900000, 0x0000000086900000, 0x0000000086a00000|  0%| F|  |TAMS 0x0000000086900000, 0x0000000086900000| Untracked 
|  28|0x0000000086a00000, 0x0000000086a233f0, 0x0000000086b00000| 13%| S|CS|TAMS 0x0000000086a00000, 0x0000000086a00000| Complete 
|  29|0x0000000086b00000, 0x0000000086c00000, 0x0000000086c00000|100%| S|CS|TAMS 0x0000000086b00000, 0x0000000086b00000| Complete 
|  30|0x0000000086c00000, 0x0000000086d00000, 0x0000000086d00000|100%| S|CS|TAMS 0x0000000086c00000, 0x0000000086c00000| Complete 
|  31|0x0000000086d00000, 0x0000000086d00000, 0x0000000086e00000|  0%| F|  |TAMS 0x0000000086d00000, 0x0000000086d00000| Untracked 
|  32|0x0000000086e00000, 0x0000000086e00000, 0x0000000086f00000|  0%| F|  |TAMS 0x0000000086e00000, 0x0000000086e00000| Untracked 
|  33|0x0000000086f00000, 0x0000000086f00000, 0x0000000087000000|  0%| F|  |TAMS 0x0000000086f00000, 0x0000000086f00000| Untracked 
|  34|0x0000000087000000, 0x0000000087000000, 0x0000000087100000|  0%| F|  |TAMS 0x0000000087000000, 0x0000000087000000| Untracked 
|  35|0x0000000087100000, 0x0000000087100000, 0x0000000087200000|  0%| F|  |TAMS 0x0000000087100000, 0x0000000087100000| Untracked 
|  36|0x0000000087200000, 0x0000000087200000, 0x0000000087300000|  0%| F|  |TAMS 0x0000000087200000, 0x0000000087200000| Untracked 
|  37|0x0000000087300000, 0x0000000087300000, 0x0000000087400000|  0%| F|  |TAMS 0x0000000087300000, 0x0000000087300000| Untracked 
|  38|0x0000000087400000, 0x0000000087400000, 0x0000000087500000|  0%| F|  |TAMS 0x0000000087400000, 0x0000000087400000| Untracked 
|  39|0x0000000087500000, 0x0000000087500000, 0x0000000087600000|  0%| F|  |TAMS 0x0000000087500000, 0x0000000087500000| Untracked 
|  40|0x0000000087600000, 0x0000000087600000, 0x0000000087700000|  0%| F|  |TAMS 0x0000000087600000, 0x0000000087600000| Untracked 
|  41|0x0000000087700000, 0x0000000087700000, 0x0000000087800000|  0%| F|  |TAMS 0x0000000087700000, 0x0000000087700000| Untracked 
|  42|0x0000000087800000, 0x0000000087800000, 0x0000000087900000|  0%| F|  |TAMS 0x0000000087800000, 0x0000000087800000| Untracked 
|  43|0x0000000087900000, 0x0000000087900000, 0x0000000087a00000|  0%| F|  |TAMS 0x0000000087900000, 0x0000000087900000| Untracked 
|  44|0x0000000087a00000, 0x0000000087a00000, 0x0000000087b00000|  0%| F|  |TAMS 0x0000000087a00000, 0x0000000087a00000| Untracked 
|  45|0x0000000087b00000, 0x0000000087b00000, 0x0000000087c00000|  0%| F|  |TAMS 0x0000000087b00000, 0x0000000087b00000| Untracked 
|  46|0x0000000087c00000, 0x0000000087d00000, 0x0000000087d00000|100%| E|  |TAMS 0x0000000087c00000, 0x0000000087c00000| Complete 
|  47|0x0000000087d00000, 0x0000000087e00000, 0x0000000087e00000|100%| E|CS|TAMS 0x0000000087d00000, 0x0000000087d00000| Complete 
|  48|0x0000000087e00000, 0x0000000087f00000, 0x0000000087f00000|100%| E|CS|TAMS 0x0000000087e00000, 0x0000000087e00000| Complete 
|  49|0x0000000087f00000, 0x0000000088000000, 0x0000000088000000|100%| E|  |TAMS 0x0000000087f00000, 0x0000000087f00000| Complete 
|  50|0x0000000088000000, 0x0000000088100000, 0x0000000088100000|100%| E|CS|TAMS 0x0000000088000000, 0x0000000088000000| Complete 
|  51|0x0000000088100000, 0x0000000088200000, 0x0000000088200000|100%| E|CS|TAMS 0x0000000088100000, 0x0000000088100000| Complete 
|  52|0x0000000088200000, 0x0000000088300000, 0x0000000088300000|100%| E|CS|TAMS 0x0000000088200000, 0x0000000088200000| Complete 
|  53|0x0000000088300000, 0x0000000088400000, 0x0000000088400000|100%| E|CS|TAMS 0x0000000088300000, 0x0000000088300000| Complete 
|  54|0x0000000088400000, 0x0000000088500000, 0x0000000088500000|100%| E|CS|TAMS 0x0000000088400000, 0x0000000088400000| Complete 
|  55|0x0000000088500000, 0x0000000088600000, 0x0000000088600000|100%| E|CS|TAMS 0x0000000088500000, 0x0000000088500000| Complete 
|  56|0x0000000088600000, 0x0000000088700000, 0x0000000088700000|100%| E|CS|TAMS 0x0000000088600000, 0x0000000088600000| Complete 
|  57|0x0000000088700000, 0x0000000088800000, 0x0000000088800000|100%| E|CS|TAMS 0x0000000088700000, 0x0000000088700000| Complete 
|  58|0x0000000088800000, 0x0000000088900000, 0x0000000088900000|100%| E|CS|TAMS 0x0000000088800000, 0x0000000088800000| Complete 
| 106|0x000000008b800000, 0x000000008b900000, 0x000000008b900000|100%| E|CS|TAMS 0x000000008b800000, 0x000000008b800000| Complete 
| 107|0x000000008b900000, 0x000000008ba00000, 0x000000008ba00000|100%| E|CS|TAMS 0x000000008b900000, 0x000000008b900000| Complete 
| 108|0x000000008ba00000, 0x000000008bb00000, 0x000000008bb00000|100%| E|CS|TAMS 0x000000008ba00000, 0x000000008ba00000| Complete 
| 109|0x000000008bb00000, 0x000000008bc00000, 0x000000008bc00000|100%| E|CS|TAMS 0x000000008bb00000, 0x000000008bb00000| Complete 
| 110|0x000000008bc00000, 0x000000008bd00000, 0x000000008bd00000|100%| E|CS|TAMS 0x000000008bc00000, 0x000000008bc00000| Complete 
| 111|0x000000008bd00000, 0x000000008be00000, 0x000000008be00000|100%| E|CS|TAMS 0x000000008bd00000, 0x000000008bd00000| Complete 
| 123|0x000000008c900000, 0x000000008ca00000, 0x000000008ca00000|100%| E|CS|TAMS 0x000000008c900000, 0x000000008c900000| Complete 

Card table byte_map: [0x00000183757c0000,0x0000018375ba0000] _byte_map_base: 0x0000018375399000

Marking Bits (Prev, Next): (CMBitMap*) 0x000001835ecb92a0, (CMBitMap*) 0x000001835ecb9260
 Prev Bits: [0x0000018377e50000, 0x0000018379d18000)
 Next Bits: [0x0000018375f80000, 0x0000018377e48000)

Polling page: 0x000001835cbf0000

Metaspace:

Usage:
  Non-class:     28.79 MB used.
      Class:      4.10 MB used.
       Both:     32.89 MB used.

Virtual space:
  Non-class space:       32.00 MB reserved,      28.94 MB ( 90%) committed,  4 nodes.
      Class space:        1.00 GB reserved,       4.31 MB ( <1%) committed,  1 nodes.
              Both:        1.03 GB reserved,      33.25 MB (  3%) committed. 

Chunk freelists:
   Non-Class:  2.73 MB
       Class:  3.72 MB
        Both:  6.45 MB

MaxMetaspaceSize: 17179869184.00 GB
CompressedClassSpaceSize: 1.00 GB
 - commit_granule_bytes: 65536.
 - commit_granule_words: 8192.
 - virtual_space_node_default_size: 1048576.
 - enlarge_chunks_in_place: 1.
 - new_chunks_are_fully_committed: 0.
 - uncommit_free_chunks: 1.
 - use_allocation_guard: 0.
 - handle_deallocations: 1.


Internal statistics:

num_allocs_failed_limit: 3.
num_arena_births: 436.
num_arena_deaths: 0.
num_vsnodes_births: 5.
num_vsnodes_deaths: 0.
num_space_committed: 532.
num_space_uncommitted: 0.
num_chunks_returned_to_freelist: 3.
num_chunks_taken_from_freelist: 1669.
num_chunk_merges: 3.
num_chunk_splits: 1095.
num_chunks_enlarged: 809.
num_purges: 0.

CodeHeap 'non-profiled nmethods': size=120000Kb used=1924Kb max_used=2676Kb free=118075Kb
 bounds [0x000001836deb0000, 0x000001836e150000, 0x00000183753e0000]
CodeHeap 'profiled nmethods': size=120000Kb used=7388Kb max_used=9534Kb free=112611Kb
 bounds [0x0000018366980000, 0x00000183672d0000, 0x000001836deb0000]
CodeHeap 'non-nmethods': size=5760Kb used=1233Kb max_used=1301Kb free=4526Kb
 bounds [0x00000183663e0000, 0x0000018366650000, 0x0000018366980000]
 total_blobs=4089 nmethods=3551 adapters=450
 compilation: enabled
              stopped_count=0, restarted_count=0
 full_count=0

Compilation events (20 events):
Event: 15.170 Thread 0x000001837c2226b0 nmethod 4237 0x00000183672cf110 code [0x00000183672cf2c0, 0x00000183672cf4e8]
Event: 15.174 Thread 0x000001837c1b4940 4238       4       java.lang.reflect.AccessibleObject::checkAccess (40 bytes)
Event: 15.175 Thread 0x000001837c2226b0 4239       3       java.util.concurrent.ConcurrentHashMap::<init> (5 bytes)
Event: 15.176 Thread 0x000001837c2226b0 nmethod 4239 0x00000183672cf590 code [0x00000183672cf740, 0x00000183672cf8f8]
Event: 15.184 Thread 0x000001837c1b4940 nmethod 4238 0x000001836e14c890 code [0x000001836e14ca60, 0x000001836e14cf48]
Event: 15.200 Thread 0x000001837c1b4940 4240   !   4       java.util.zip.Inflater::reset (64 bytes)
Event: 15.205 Thread 0x000001837c1b4940 nmethod 4240 0x000001836dee0010 code [0x000001836dee01a0, 0x000001836dee05e8]
Event: 15.205 Thread 0x000001837c1b4940 4241       4       java.util.ArrayDeque::addLast (51 bytes)
Event: 15.208 Thread 0x000001837c1b4940 nmethod 4241 0x000001836df25a90 code [0x000001836df25c20, 0x000001836df25e18]
Event: 15.221 Thread 0x000001837c2226b0 4242       3       java.lang.ClassLoader::definePackage (53 bytes)
Event: 15.222 Thread 0x000001837c2226b0 nmethod 4242 0x0000018366982890 code [0x0000018366982a80, 0x0000018366983078]
Event: 15.255 Thread 0x000001837c1b4940 4243       4       java.net.URLStreamHandler::parseURL (1201 bytes)
Event: 15.434 Thread 0x000001837c1b4940 nmethod 4243 0x000001836e039510 code [0x000001836e0397e0, 0x000001836e03d788]
Event: 15.435 Thread 0x000001837c1b4940 4244       4       java.util.LinkedHashMap::get (29 bytes)
Event: 15.446 Thread 0x000001837c1b4940 nmethod 4244 0x000001836ded4190 code [0x000001836ded4360, 0x000001836ded48d8]
Event: 15.446 Thread 0x000001837c1b4940 4245       4       java.util.Collections$SetFromMap::remove (19 bytes)
Event: 15.456 Thread 0x000001837c1b4940 nmethod 4245 0x000001836e025e90 code [0x000001836e026040, 0x000001836e026438]
Event: 15.598 Thread 0x000001837c2226b0 4246   !   3       jdk.internal.loader.BuiltinClassLoader::findResource (154 bytes)
Event: 15.599 Thread 0x000001837c1b4940 4247   !   4       jdk.internal.ref.PhantomCleanable::remove (60 bytes)
Event: 15.600 Thread 0x000001837c2226b0 nmethod 4246 0x0000018366e01910 code [0x0000018366e01c80, 0x0000018366e031c8]

GC Heap History (20 events):
Event: 2.250 GC heap before
{Heap before GC invocations=1 (full 0):
 garbage-first heap   total 126976K, used 15659K [0x0000000084e00000, 0x0000000100000000)
  region size 1024K, 9 young (9216K), 2 survivors (2048K)
 Metaspace       used 4881K, committed 5120K, reserved 1056768K
  class space    used 508K, committed 640K, reserved 1048576K
}
Event: 2.256 GC heap after
{Heap after GC invocations=2 (full 0):
 garbage-first heap   total 126976K, used 9251K [0x0000000084e00000, 0x0000000100000000)
  region size 1024K, 1 young (1024K), 1 survivors (1024K)
 Metaspace       used 4881K, committed 5120K, reserved 1056768K
  class space    used 508K, committed 640K, reserved 1048576K
}
Event: 2.291 GC heap before
{Heap before GC invocations=2 (full 0):
 garbage-first heap   total 126976K, used 29731K [0x0000000084e00000, 0x0000000100000000)
  region size 1024K, 22 young (22528K), 1 survivors (1024K)
 Metaspace       used 4885K, committed 5120K, reserved 1056768K
  class space    used 508K, committed 640K, reserved 1048576K
}
Event: 2.294 GC heap after
{Heap after GC invocations=3 (full 0):
 garbage-first heap   total 126976K, used 9371K [0x0000000084e00000, 0x0000000100000000)
  region size 1024K, 1 young (1024K), 1 survivors (1024K)
 Metaspace       used 4885K, committed 5120K, reserved 1056768K
  class space    used 508K, committed 640K, reserved 1048576K
}
Event: 5.061 GC heap before
{Heap before GC invocations=3 (full 0):
 garbage-first heap   total 126976K, used 77979K [0x0000000084e00000, 0x0000000100000000)
  region size 1024K, 69 young (70656K), 1 survivors (1024K)
 Metaspace       used 16345K, committed 16640K, reserved 1064960K
  class space    used 1954K, committed 2112K, reserved 1048576K
}
Event: 5.070 GC heap after
{Heap after GC invocations=4 (full 0):
 garbage-first heap   total 126976K, used 12356K [0x0000000084e00000, 0x0000000100000000)
  region size 1024K, 4 young (4096K), 4 survivors (4096K)
 Metaspace       used 16345K, committed 16640K, reserved 1064960K
  class space    used 1954K, committed 2112K, reserved 1048576K
}
Event: 6.627 GC heap before
{Heap before GC invocations=4 (full 0):
 garbage-first heap   total 126976K, used 83012K [0x0000000084e00000, 0x0000000100000000)
  region size 1024K, 74 young (75776K), 4 survivors (4096K)
 Metaspace       used 19184K, committed 19520K, reserved 1073152K
  class space    used 2273K, committed 2432K, reserved 1048576K
}
Event: 6.637 GC heap after
{Heap after GC invocations=5 (full 0):
 garbage-first heap   total 126976K, used 13912K [0x0000000084e00000, 0x0000000100000000)
  region size 1024K, 6 young (6144K), 6 survivors (6144K)
 Metaspace       used 19184K, committed 19520K, reserved 1073152K
  class space    used 2273K, committed 2432K, reserved 1048576K
}
Event: 7.400 GC heap before
{Heap before GC invocations=5 (full 0):
 garbage-first heap   total 126976K, used 25176K [0x0000000084e00000, 0x0000000100000000)
  region size 1024K, 18 young (18432K), 6 survivors (6144K)
 Metaspace       used 20949K, committed 21248K, reserved 1073152K
  class space    used 2521K, committed 2688K, reserved 1048576K
}
Event: 7.409 GC heap after
{Heap after GC invocations=6 (full 0):
 garbage-first heap   total 126976K, used 14797K [0x0000000084e00000, 0x0000000100000000)
  region size 1024K, 6 young (6144K), 6 survivors (6144K)
 Metaspace       used 20949K, committed 21248K, reserved 1073152K
  class space    used 2521K, committed 2688K, reserved 1048576K
}
Event: 9.054 GC heap before
{Heap before GC invocations=7 (full 0):
 garbage-first heap   total 55296K, used 41421K [0x0000000084e00000, 0x0000000100000000)
  region size 1024K, 32 young (32768K), 6 survivors (6144K)
 Metaspace       used 24678K, committed 25024K, reserved 1073152K
  class space    used 3072K, committed 3200K, reserved 1048576K
}
Event: 9.070 GC heap after
{Heap after GC invocations=8 (full 0):
 garbage-first heap   total 55296K, used 17187K [0x0000000084e00000, 0x0000000100000000)
  region size 1024K, 4 young (4096K), 4 survivors (4096K)
 Metaspace       used 24678K, committed 25024K, reserved 1073152K
  class space    used 3072K, committed 3200K, reserved 1048576K
}
Event: 9.906 GC heap before
{Heap before GC invocations=8 (full 0):
 garbage-first heap   total 55296K, used 38691K [0x0000000084e00000, 0x0000000100000000)
  region size 1024K, 26 young (26624K), 4 survivors (4096K)
 Metaspace       used 27057K, committed 27392K, reserved 1073152K
  class space    used 3374K, committed 3584K, reserved 1048576K
}
Event: 9.915 GC heap after
{Heap after GC invocations=9 (full 0):
 garbage-first heap   total 55296K, used 18603K [0x0000000084e00000, 0x0000000100000000)
  region size 1024K, 2 young (2048K), 2 survivors (2048K)
 Metaspace       used 27057K, committed 27392K, reserved 1073152K
  class space    used 3374K, committed 3584K, reserved 1048576K
}
Event: 9.922 GC heap before
{Heap before GC invocations=9 (full 0):
 garbage-first heap   total 55296K, used 39083K [0x0000000084e00000, 0x0000000100000000)
  region size 1024K, 23 young (23552K), 2 survivors (2048K)
 Metaspace       used 27057K, committed 27392K, reserved 1073152K
  class space    used 3374K, committed 3584K, reserved 1048576K
}
Event: 9.926 GC heap after
{Heap after GC invocations=10 (full 0):
 garbage-first heap   total 67584K, used 18510K [0x0000000084e00000, 0x0000000100000000)
  region size 1024K, 2 young (2048K), 2 survivors (2048K)
 Metaspace       used 27057K, committed 27392K, reserved 1073152K
  class space    used 3374K, committed 3584K, reserved 1048576K
}
Event: 10.124 GC heap before
{Heap before GC invocations=10 (full 0):
 garbage-first heap   total 67584K, used 50254K [0x0000000084e00000, 0x0000000100000000)
  region size 1024K, 34 young (34816K), 2 survivors (2048K)
 Metaspace       used 27622K, committed 27968K, reserved 1081344K
  class space    used 3425K, committed 3584K, reserved 1048576K
}
Event: 10.128 GC heap after
{Heap after GC invocations=11 (full 0):
 garbage-first heap   total 67584K, used 18705K [0x0000000084e00000, 0x0000000100000000)
  region size 1024K, 2 young (2048K), 2 survivors (2048K)
 Metaspace       used 27622K, committed 27968K, reserved 1081344K
  class space    used 3425K, committed 3584K, reserved 1048576K
}
Event: 11.111 GC heap before
{Heap before GC invocations=11 (full 0):
 garbage-first heap   total 67584K, used 51473K [0x0000000084e00000, 0x0000000100000000)
  region size 1024K, 35 young (35840K), 2 survivors (2048K)
 Metaspace       used 28976K, committed 29376K, reserved 1081344K
  class space    used 3636K, committed 3840K, reserved 1048576K
}
Event: 11.116 GC heap after
{Heap after GC invocations=12 (full 0):
 garbage-first heap   total 67584K, used 19207K [0x0000000084e00000, 0x0000000100000000)
  region size 1024K, 3 young (3072K), 3 survivors (3072K)
 Metaspace       used 28976K, committed 29376K, reserved 1081344K
  class space    used 3636K, committed 3840K, reserved 1048576K
}

Deoptimization events (20 events):
Event: 13.831 Thread 0x000001837d96e970 Uncommon trap: trap_request=0xffffffbe fr.pc=0x000001836e112ba0 relative=0x0000000000000760
Event: 13.831 Thread 0x000001837d96e970 Uncommon trap: reason=profile_predicate action=maybe_recompile pc=0x000001836e112ba0 method=java.lang.PublicMethods$MethodList.filter([Ljava/lang/reflect/Method;Ljava/lang/String;[Ljava/lang/Class;Z)Ljava/lang/PublicMethods$MethodList; @ 21 c2
Event: 13.831 Thread 0x000001837d96e970 DEOPT PACKING pc=0x000001836e112ba0 sp=0x00000051de2fcea0
Event: 13.831 Thread 0x000001837d96e970 DEOPT UNPACKING pc=0x000001836642d72e sp=0x00000051de2fce58 mode 2
Event: 13.836 Thread 0x000001837d96e970 Uncommon trap: trap_request=0xffffffbe fr.pc=0x000001836e112ba0 relative=0x0000000000000760
Event: 13.836 Thread 0x000001837d96e970 Uncommon trap: reason=profile_predicate action=maybe_recompile pc=0x000001836e112ba0 method=java.lang.PublicMethods$MethodList.filter([Ljava/lang/reflect/Method;Ljava/lang/String;[Ljava/lang/Class;Z)Ljava/lang/PublicMethods$MethodList; @ 21 c2
Event: 13.836 Thread 0x000001837d96e970 DEOPT PACKING pc=0x000001836e112ba0 sp=0x00000051de2fcb60
Event: 13.836 Thread 0x000001837d96e970 DEOPT UNPACKING pc=0x000001836642d72e sp=0x00000051de2fcb18 mode 2
Event: 13.836 Thread 0x000001837d96e970 Uncommon trap: trap_request=0xffffffbe fr.pc=0x000001836e112ba0 relative=0x0000000000000760
Event: 13.836 Thread 0x000001837d96e970 Uncommon trap: reason=profile_predicate action=maybe_recompile pc=0x000001836e112ba0 method=java.lang.PublicMethods$MethodList.filter([Ljava/lang/reflect/Method;Ljava/lang/String;[Ljava/lang/Class;Z)Ljava/lang/PublicMethods$MethodList; @ 21 c2
Event: 13.836 Thread 0x000001837d96e970 DEOPT PACKING pc=0x000001836e112ba0 sp=0x00000051de2fcb60
Event: 13.836 Thread 0x000001837d96e970 DEOPT UNPACKING pc=0x000001836642d72e sp=0x00000051de2fcb18 mode 2
Event: 13.943 Thread 0x000001837d96e970 Uncommon trap: trap_request=0xffffff45 fr.pc=0x000001836df85814 relative=0x0000000000000174
Event: 13.943 Thread 0x000001837d96e970 Uncommon trap: reason=unstable_if action=reinterpret pc=0x000001836df85814 method=java.util.WeakHashMap.expungeStaleEntries()V @ 9 c2
Event: 13.943 Thread 0x000001837d96e970 DEOPT PACKING pc=0x000001836df85814 sp=0x00000051de2f94d0
Event: 13.943 Thread 0x000001837d96e970 DEOPT UNPACKING pc=0x000001836642d72e sp=0x00000051de2f9468 mode 2
Event: 14.033 Thread 0x000001837d96e970 Uncommon trap: trap_request=0xffffffc6 fr.pc=0x000001836e0e3d10 relative=0x0000000000000570
Event: 14.033 Thread 0x000001837d96e970 Uncommon trap: reason=bimorphic_or_optimized_type_check action=maybe_recompile pc=0x000001836e0e3d10 method=java.util.HashMap.getNode(Ljava/lang/Object;)Ljava/util/HashMap$Node; @ 63 c2
Event: 14.033 Thread 0x000001837d96e970 DEOPT PACKING pc=0x000001836e0e3d10 sp=0x00000051de2f9040
Event: 14.033 Thread 0x000001837d96e970 DEOPT UNPACKING pc=0x000001836642d72e sp=0x00000051de2f8f50 mode 2

Classes unloaded (0 events):
No events

Classes redefined (0 events):
No events

Internal exceptions (20 events):
Event: 10.079 Thread 0x000001837d96e970 Implicit null exception at 0x000001836df64988 to 0x000001836df6622c
Event: 10.303 Thread 0x000001837d96e970 Exception <a 'java/io/FileNotFoundException'{0x0000000087608ab8}> (0x0000000087608ab8) 
thrown [t:\workspace\open\src\hotspot\share\prims\jni.cpp, line 579]
Event: 10.388 Thread 0x000001837d96e970 Exception <a 'java/lang/NoSuchMethodError'{0x00000000875ae670}: 'int java.lang.invoke.DirectMethodHandle$Holder.invokeInterface(java.lang.Object, java.lang.Object, java.lang.Object, java.lang.Object)'> (0x00000000875ae670) 
thrown [t:\workspace\open\src\hotspot\share\interpreter\linkResolver.cpp, line 790]
Event: 10.451 Thread 0x000001837d96e970 Exception <a 'java/lang/NoSuchMethodError'{0x000000008730df70}: 'java.lang.Object java.lang.invoke.DirectMethodHandle$Holder.invokeStaticInit(java.lang.Object, java.lang.Object, java.lang.Object, java.lang.Object)'> (0x000000008730df70) 
thrown [t:\workspace\open\src\hotspot\share\interpreter\linkResolver.cpp, line 790]
Event: 10.455 Thread 0x000001837d96e970 Exception <a 'java/lang/IncompatibleClassChangeError'{0x0000000087321208}: Found class java.lang.Object, but interface was expected> (0x0000000087321208) 
thrown [t:\workspace\open\src\hotspot\share\interpreter\linkResolver.cpp, line 857]
Event: 10.457 Thread 0x000001837d96e970 Exception <a 'java/lang/IncompatibleClassChangeError'{0x000000008732ecb0}: Found class java.lang.Object, but interface was expected> (0x000000008732ecb0) 
thrown [t:\workspace\open\src\hotspot\share\interpreter\linkResolver.cpp, line 857]
Event: 10.466 Thread 0x000001837d96e970 Exception <a 'java/lang/IncompatibleClassChangeError'{0x000000008735f3e8}: Found class java.lang.Object, but interface was expected> (0x000000008735f3e8) 
thrown [t:\workspace\open\src\hotspot\share\interpreter\linkResolver.cpp, line 857]
Event: 10.823 Thread 0x000001837d96e970 Exception <a 'java/lang/NoSuchMethodError'{0x00000000872f0030}: 'double java.lang.invoke.DirectMethodHandle$Holder.invokeStatic(java.lang.Object, java.lang.Object)'> (0x00000000872f0030) 
thrown [t:\workspace\open\src\hotspot\share\interpreter\linkResolver.cpp, line 790]
Event: 10.827 Thread 0x000001837d96e970 Exception <a 'java/lang/NoSuchMethodError'{0x00000000872f99b0}: 'void java.lang.invoke.DirectMethodHandle$Holder.invokeStatic(java.lang.Object, java.lang.Object, double)'> (0x00000000872f99b0) 
thrown [t:\workspace\open\src\hotspot\share\interpreter\linkResolver.cpp, line 790]
Event: 10.830 Thread 0x000001837d96e970 Exception <a 'java/lang/NoSuchMethodError'{0x0000000087105e68}: 'long java.lang.invoke.DirectMethodHandle$Holder.invokeVirtual(java.lang.Object, java.lang.Object)'> (0x0000000087105e68) 
thrown [t:\workspace\open\src\hotspot\share\interpreter\linkResolver.cpp, line 790]
Event: 10.937 Thread 0x000001837d96e970 Exception <a 'java/lang/NoSuchMethodError'{0x0000000087158b50}: 'java.lang.Object java.lang.invoke.DirectMethodHandle$Holder.newInvokeSpecial(java.lang.Object, java.lang.Object, java.lang.Object, java.lang.Object, java.lang.Object, java.lang.Object, java.lang.Object, java.lang.Object)'> (0x0000000087158b50) 
thrown [t:\workspace\open\src\hotspot\share\interpreter\linkResolver.cpp, line 790]
Event: 10.946 Thread 0x000001837d96e970 Exception <a 'java/lang/NoSuchMethodError'{0x000000008715e528}: 'java.lang.Object java.lang.invoke.DirectMethodHandle$Holder.invokeSpecial(java.lang.Object, java.lang.Object, java.lang.Object, java.lang.Object, java.lang.Object, java.lang.Object, java.lang.Object, java.lang.Object, java.lang.Object)'> (0x000000008715e528) 
thrown [t:\workspace\open\src\hotspot\share\interpreter\linkResolver.cpp, line 790]
Event: 10.947 Thread 0x000001837d96e970 Exception <a 'java/lang/NoSuchMethodError'{0x0000000087163900}: 'java.lang.Object java.lang.invoke.Invokers$Holder.linkToTargetMethod(java.lang.Object, java.lang.Object, java.lang.Object, java.lang.Object, java.lang.Object, java.lang.Object, java.lang.Object, java.lang.Object)'> (0x0000000087163900) 
thrown [t:\workspace\open\src\hotspot\share\interpreter\linkResolver.cpp, line 790]
Event: 11.010 Thread 0x000001837d96e970 Exception <a 'java/lang/NoSuchMethodError'{0x00000000871dd810}: 'double java.lang.invoke.DirectMethodHandle$Holder.invokeSpecial(java.lang.Object, java.lang.Object, java.lang.Object)'> (0x00000000871dd810) 
thrown [t:\workspace\open\src\hotspot\share\interpreter\linkResolver.cpp, line 790]
Event: 11.019 Thread 0x000001837d96e970 Implicit null exception at 0x000001836e0d4bcc to 0x000001836e0d9974
Event: 11.174 Thread 0x000001837ce299c0 Exception <a 'java/lang/NoSuchMethodError'{0x000000008bc3a2e8}: 'java.lang.Object java.lang.invoke.DirectMethodHandle$Holder.invokeSpecial(java.lang.Object, java.lang.Object, double, java.lang.Object)'> (0x000000008bc3a2e8) 
thrown [t:\workspace\open\src\hotspot\share\interpreter\linkResolver.cpp, line 790]
Event: 11.175 Thread 0x000001837ce299c0 Exception <a 'java/lang/NoSuchMethodError'{0x000000008bc41330}: 'long java.lang.invoke.DirectMethodHandle$Holder.invokeStatic(java.lang.Object, java.lang.Object, java.lang.Object)'> (0x000000008bc41330) 
thrown [t:\workspace\open\src\hotspot\share\interpreter\linkResolver.cpp, line 790]
Event: 11.189 Thread 0x000001837d96e970 Implicit null exception at 0x000001836e0bb983 to 0x000001836e0bbf24
Event: 12.658 Thread 0x000001837d96e970 Exception <a 'java/lang/NoClassDefFoundError'{0x000000008b8695e0}: sun/reflect/Reflection> (0x000000008b8695e0) 
thrown [t:\workspace\open\src\hotspot\share\classfile\systemDictionary.cpp, line 245]
Event: 13.392 Thread 0x000001837d96e970 Exception <a 'java/io/FileNotFoundException'{0x00000000886d9860}> (0x00000000886d9860) 
thrown [t:\workspace\open\src\hotspot\share\prims\jni.cpp, line 579]

Events (20 events):
Event: 15.212 Thread 0x000001837c2254b0 flushing nmethod 0x00000183670c2f90
Event: 15.212 Thread 0x000001837c2254b0 flushing nmethod 0x00000183670c3910
Event: 15.212 Thread 0x000001837c2254b0 flushing nmethod 0x00000183670c8b90
Event: 15.212 Thread 0x000001837c2254b0 flushing nmethod 0x00000183670cc710
Event: 15.213 Thread 0x000001837c2254b0 flushing nmethod 0x00000183670d7310
Event: 15.213 Thread 0x000001837c2254b0 flushing nmethod 0x0000018367102390
Event: 15.213 Thread 0x000001837c2254b0 flushing nmethod 0x000001836711d510
Event: 15.213 Thread 0x000001837c2254b0 flushing nmethod 0x0000018367129010
Event: 15.213 Thread 0x000001837c2254b0 flushing nmethod 0x000001836713cc10
Event: 15.213 Thread 0x000001837c2254b0 flushing nmethod 0x0000018367144310
Event: 15.213 Thread 0x000001837c2254b0 flushing nmethod 0x0000018367166510
Event: 15.213 Thread 0x000001837c2254b0 flushing nmethod 0x0000018367184f90
Event: 15.213 Thread 0x000001837c2254b0 flushing nmethod 0x00000183671a1510
Event: 15.213 Thread 0x000001837c2254b0 flushing nmethod 0x00000183671a2f90
Event: 15.213 Thread 0x000001837c2254b0 flushing nmethod 0x00000183671a7890
Event: 15.213 Thread 0x000001837c2254b0 flushing nmethod 0x00000183671bac10
Event: 15.213 Thread 0x000001837c2254b0 flushing nmethod 0x00000183671d7e10
Event: 15.213 Thread 0x000001837c2254b0 flushing nmethod 0x00000183671e0210
Event: 15.213 Thread 0x000001837c2254b0 flushing nmethod 0x00000183671e3b10
Event: 15.214 Thread 0x000001837c2254b0 flushing nmethod 0x000001836725d690


Dynamic libraries:
0x00007ff6d43c0000 - 0x00007ff6d43ce000 	C:\Users\Veres Gábor\.jdks\openjdk-16\bin\java.exe
0x00007ff9f1c30000 - 0x00007ff9f1e25000 	C:\Windows\SYSTEM32\ntdll.dll
0x00007ff9f1410000 - 0x00007ff9f14ce000 	C:\Windows\System32\KERNEL32.DLL
0x00007ff9ef8b0000 - 0x00007ff9efb79000 	C:\Windows\System32\KERNELBASE.dll
0x00007ff9ef7b0000 - 0x00007ff9ef8b0000 	C:\Windows\System32\ucrtbase.dll
0x00007ff9db000000 - 0x00007ff9db018000 	C:\Users\Veres Gábor\.jdks\openjdk-16\bin\jli.dll
0x00007ff9f0880000 - 0x00007ff9f0a21000 	C:\Windows\System32\USER32.dll
0x00007ff9ef4e0000 - 0x00007ff9ef502000 	C:\Windows\System32\win32u.dll
0x00007ff9f0050000 - 0x00007ff9f007b000 	C:\Windows\System32\GDI32.dll
0x00007ff9ef650000 - 0x00007ff9ef75b000 	C:\Windows\System32\gdi32full.dll
0x00007ff9efbe0000 - 0x00007ff9efc7d000 	C:\Windows\System32\msvcp_win.dll
0x00007ff9dafe0000 - 0x00007ff9daff9000 	C:\Users\Veres Gábor\.jdks\openjdk-16\bin\VCRUNTIME140.dll
0x00007ff9df760000 - 0x00007ff9df9fa000 	C:\Windows\WinSxS\amd64_microsoft.windows.common-controls_6595b64144ccf1df_6.0.19041.1110_none_60b5254171f9507e\COMCTL32.dll
0x00007ff9f1570000 - 0x00007ff9f160e000 	C:\Windows\System32\msvcrt.dll
0x00007ff9f1310000 - 0x00007ff9f1340000 	C:\Windows\System32\IMM32.DLL
0x00007ff9eb000000 - 0x00007ff9eb00c000 	C:\Users\Veres Gábor\.jdks\openjdk-16\bin\vcruntime140_1.dll
0x00007ff9d9420000 - 0x00007ff9d94b1000 	C:\Users\Veres Gábor\.jdks\openjdk-16\bin\msvcp140.dll
0x00007ff984b90000 - 0x00007ff98573b000 	C:\Users\Veres Gábor\.jdks\openjdk-16\bin\server\jvm.dll
0x00007ff9f1040000 - 0x00007ff9f10ec000 	C:\Windows\System32\ADVAPI32.dll
0x00007ff9f14d0000 - 0x00007ff9f156b000 	C:\Windows\System32\sechost.dll
0x00007ff9f10f0000 - 0x00007ff9f121a000 	C:\Windows\System32\RPCRT4.dll
0x00007ff9f0f80000 - 0x00007ff9f0f88000 	C:\Windows\System32\PSAPI.DLL
0x00007ff9eabd0000 - 0x00007ff9eabd9000 	C:\Windows\SYSTEM32\WSOCK32.dll
0x00007ff9f0f10000 - 0x00007ff9f0f7b000 	C:\Windows\System32\WS2_32.dll
0x00007ff9ded50000 - 0x00007ff9ded77000 	C:\Windows\SYSTEM32\WINMM.dll
0x00007ff9e3be0000 - 0x00007ff9e3bea000 	C:\Windows\SYSTEM32\VERSION.dll
0x00007ff9ed210000 - 0x00007ff9ed222000 	C:\Windows\SYSTEM32\kernel.appcore.dll
0x00007ff9eac70000 - 0x00007ff9eac7a000 	C:\Users\Veres Gábor\.jdks\openjdk-16\bin\jimage.dll
0x00007ff9db6a0000 - 0x00007ff9db884000 	C:\Windows\SYSTEM32\DBGHELP.DLL
0x00007ff9ddd20000 - 0x00007ff9ddd4c000 	C:\Windows\SYSTEM32\dbgcore.DLL
0x00007ff9ef510000 - 0x00007ff9ef593000 	C:\Windows\System32\bcryptPrimitives.dll
0x00007ff9dba00000 - 0x00007ff9dba0e000 	C:\Users\Veres Gábor\.jdks\openjdk-16\bin\instrument.dll
0x00007ff9d9580000 - 0x00007ff9d95a5000 	C:\Users\Veres Gábor\.jdks\openjdk-16\bin\java.dll
0x00007ff9f0140000 - 0x00007ff9f087f000 	C:\Windows\System32\SHELL32.dll
0x00007ff9ed410000 - 0x00007ff9edba0000 	C:\Windows\SYSTEM32\windows.storage.dll
0x00007ff9f1610000 - 0x00007ff9f1965000 	C:\Windows\System32\combase.dll
0x00007ff9eebf0000 - 0x00007ff9eec1c000 	C:\Windows\SYSTEM32\Wldp.dll
0x00007ff9f1360000 - 0x00007ff9f140d000 	C:\Windows\System32\SHCORE.dll
0x00007ff9f0080000 - 0x00007ff9f00d5000 	C:\Windows\System32\shlwapi.dll
0x00007ff9ef290000 - 0x00007ff9ef2af000 	C:\Windows\SYSTEM32\profapi.dll
0x00007ff9d93e0000 - 0x00007ff9d93f8000 	C:\Users\Veres Gábor\.jdks\openjdk-16\bin\zip.dll
0x00007ff9d9560000 - 0x00007ff9d9579000 	C:\Users\Veres Gábor\.jdks\openjdk-16\bin\net.dll
0x00007ff9e40f0000 - 0x00007ff9e41f8000 	C:\Windows\SYSTEM32\WINHTTP.dll
0x00007ff9ee9d0000 - 0x00007ff9eea3a000 	C:\Windows\system32\mswsock.dll
0x00007ff9d9400000 - 0x00007ff9d9413000 	C:\Users\Veres Gábor\.jdks\openjdk-16\bin\nio.dll
0x00007ff9d93c0000 - 0x00007ff9d93da000 	C:\Program Files\JetBrains\IntelliJ IDEA 2020.3.3\bin\breakgen64.dll
0x00007ff9daed0000 - 0x00007ff9daee0000 	C:\Users\Veres Gábor\.jdks\openjdk-16\bin\verify.dll
0x00007ff9d9550000 - 0x00007ff9d9559000 	C:\Users\Veres Gábor\.jdks\openjdk-16\bin\management.dll
0x00007ff9d9500000 - 0x00007ff9d950b000 	C:\Users\Veres Gábor\.jdks\openjdk-16\bin\management_ext.dll
0x00007ff9dfa40000 - 0x00007ff9dfa57000 	C:\Windows\system32\napinsp.dll
0x00007ff9dfa20000 - 0x00007ff9dfa3b000 	C:\Windows\system32\pnrpnsp.dll
0x00007ff9e96e0000 - 0x00007ff9e96f5000 	C:\Windows\system32\wshbth.dll
0x00007ff9eaba0000 - 0x00007ff9eabbd000 	C:\Windows\system32\NLAapi.dll
0x00007ff9ee6e0000 - 0x00007ff9ee71b000 	C:\Windows\SYSTEM32\IPHLPAPI.DLL
0x00007ff9ee720000 - 0x00007ff9ee7ec000 	C:\Windows\SYSTEM32\DNSAPI.dll
0x00007ff9efd70000 - 0x00007ff9efd78000 	C:\Windows\System32\NSI.dll
0x00007ff9df740000 - 0x00007ff9df752000 	C:\Windows\System32\winrnr.dll
0x00007ff9e0630000 - 0x00007ff9e063a000 	C:\Windows\System32\rasadhlp.dll
0x00007ff9e3e10000 - 0x00007ff9e3e8f000 	C:\Windows\System32\fwpuclnt.dll
0x00007ff9ef350000 - 0x00007ff9ef377000 	C:\Windows\System32\bcrypt.dll
0x00007ff9eef50000 - 0x00007ff9eef68000 	C:\Windows\SYSTEM32\CRYPTSP.dll
0x00007ff9ee370000 - 0x00007ff9ee3a4000 	C:\Windows\system32\rsaenh.dll
0x00007ff9ef210000 - 0x00007ff9ef23e000 	C:\Windows\SYSTEM32\USERENV.dll
0x00007ff9eeb60000 - 0x00007ff9eeb6c000 	C:\Windows\SYSTEM32\CRYPTBASE.dll
0x00007ff9e61d0000 - 0x00007ff9e61e7000 	C:\Windows\SYSTEM32\dhcpcsvc6.DLL
0x00007ff9e6110000 - 0x00007ff9e612d000 	C:\Windows\SYSTEM32\dhcpcsvc.DLL

dbghelp: loaded successfully - version: 4.0.5 - missing functions: none
symbol engine: initialized successfully - sym options: 0x614 - pdb path: .;C:\Users\Veres Gábor\.jdks\openjdk-16\bin;C:\Windows\SYSTEM32;C:\Windows\WinSxS\amd64_microsoft.windows.common-controls_6595b64144ccf1df_6.0.19041.1110_none_60b5254171f9507e;C:\Users\Veres Gábor\.jdks\openjdk-16\bin\server;C:\Program Files\JetBrains\IntelliJ IDEA 2020.3.3\bin

VM Arguments:
jvm_args: -javaagent:C:\Program Files\JetBrains\IntelliJ IDEA 2020.3.3\lib\idea_rt.jar=61846:C:\Program Files\JetBrains\IntelliJ IDEA 2020.3.3\bin -Dfile.encoding=UTF-8 
java_command: com.tradeunion.questionnaire.QuestionnaireApplication
java_class_path (initial): D:\Ricsi projekt\questionnaire\target\classes;C:\Users\Veres Gábor\.m2\repository\org\apache\tomcat\embed\tomcat-embed-core\9.0.29\tomcat-embed-core-9.0.29.jar;C:\Users\Veres Gábor\.m2\repository\org\apache\tomcat\tomcat-annotations-api\9.0.52\tomcat-annotations-api-9.0.52.jar;C:\Users\Veres Gábor\.m2\repository\org\springframework\boot\spring-boot-starter-data-jpa\2.5.4\spring-boot-starter-data-jpa-2.5.4.jar;C:\Users\Veres Gábor\.m2\repository\org\springframework\boot\spring-boot-starter-aop\2.5.4\spring-boot-starter-aop-2.5.4.jar;C:\Users\Veres Gábor\.m2\repository\org\springframework\spring-aop\5.3.9\spring-aop-5.3.9.jar;C:\Users\Veres Gábor\.m2\repository\org\aspectj\aspectjweaver\1.9.7\aspectjweaver-1.9.7.jar;C:\Users\Veres Gábor\.m2\repository\org\springframework\boot\spring-boot-starter-jdbc\2.5.4\spring-boot-starter-jdbc-2.5.4.jar;C:\Users\Veres Gábor\.m2\repository\com\zaxxer\HikariCP\4.0.3\HikariCP-4.0.3.jar;C:\Users\Veres Gábor\.m2\repository\org\springframework\spring-jdbc\5.3.9\spring-jdbc-5.3.9.jar;C:\Users\Veres Gábor\.m2\repository\jakarta\transaction\jakarta.transaction-api\1.3.3\jakarta.transaction-api-1.3.3.jar;C:\Users\Veres Gábor\.m2\repository\jakarta\persistence\jakarta.persistence-api\2.2.3\jakarta.persistence-api-2.2.3.jar;C:\Users\Veres Gábor\.m2\repository\org\springframework\data\spring-data-jpa\2.5.4\spring-data-jpa-2.5.4.jar;C:\Users\Veres Gábor\.m2\repository\org\springframework\data\spring-data-commons\2.5.4\spring-data-commons-2.5.4.jar;C:\Users\Veres Gábor\.m2\repository\org\springframework\spring-orm\5.3.9\spring-orm-5.3.9.jar;C:\Users\Veres Gábor\.m2\repository\org\springframework\spring-context\5.3.9\spring-context-5.3.9.jar;C:\Users\Veres Gábor\.m2\repository\org\springframework\spring-tx\5.3.9\spring-tx-5.3.9.jar;C:\Users\Veres Gábor\.m2\repository\org\springframework\spring-beans\5.3.9\spring-beans-5.3.9.jar;C:\Users\Veres Gábor\.m2\repository\org\slf4j\slf4j-api\1.7.32\slf4j-api-1.7.32.jar;C:\User
Launcher Type: SUN_STANDARD

[Global flags]
     intx CICompilerCount                          = 3                                         {product} {ergonomic}
     uint ConcGCThreads                            = 1                                         {product} {ergonomic}
     uint G1ConcRefinementThreads                  = 4                                         {product} {ergonomic}
   size_t G1HeapRegionSize                         = 1048576                                   {product} {ergonomic}
    uintx GCDrainStackTargetSize                   = 64                                        {product} {ergonomic}
   size_t InitialHeapSize                          = 130023424                                 {product} {ergonomic}
   size_t MarkStackSize                            = 4194304                                   {product} {ergonomic}
   size_t MaxHeapSize                              = 2065694720                                {product} {ergonomic}
   size_t MaxNewSize                               = 1239416832                                {product} {ergonomic}
   size_t MinHeapDeltaBytes                        = 1048576                                   {product} {ergonomic}
   size_t MinHeapSize                              = 8388608                                   {product} {ergonomic}
    uintx NonNMethodCodeHeapSize                   = 5832780                                {pd product} {ergonomic}
    uintx NonProfiledCodeHeapSize                  = 122912730                              {pd product} {ergonomic}
    uintx ProfiledCodeHeapSize                     = 122912730                              {pd product} {ergonomic}
    uintx ReservedCodeCacheSize                    = 251658240                              {pd product} {ergonomic}
     bool SegmentedCodeCache                       = true                                      {product} {ergonomic}
   size_t SoftMaxHeapSize                          = 2065694720                             {manageable} {ergonomic}
     bool UseCompressedClassPointers               = true                           {product lp64_product} {ergonomic}
     bool UseCompressedOops                        = true                           {product lp64_product} {ergonomic}
     bool UseG1GC                                  = true                                      {product} {ergonomic}
     bool UseLargePagesIndividualAllocation        = false                                  {pd product} {ergonomic}

Logging:
Log output configuration:
 #0: stdout all=warning uptime,level,tags
 #1: stderr all=off uptime,level,tags

Environment Variables:
PATH=C:\Windows\system32;C:\Windows;C:\Windows\System32\Wbem;C:\Windows\System32\WindowsPowerShell\v1.0\;C:\Windows\System32\OpenSSH\;C:\Program Files\dotnet\;C:\Program Files\Microsoft SQL Server\130\Tools\Binn\;C:\Program Files\nodejs\;C:\Program Files\Microsoft SQL Server\Client SDK\ODBC\170\Tools\Binn\;C:\Users\Veres Gábor\AppData\Local\Microsoft\WindowsApps;C:\Users\Veres Gábor\.dotnet\tools;C:\Program Files (x86)\Android\android-sdk\platform-tools;C:\Program Files\7-Zip;;C:\Users\Veres Gábor\AppData\Roaming\npm;C:\Users\Veres Gábor\AppData\Local\Programs\Microsoft VS Code\bin
USERNAME=VeresGabor
OS=Windows_NT
PROCESSOR_IDENTIFIER=Intel64 Family 6 Model 61 Stepping 4, GenuineIntel



---------------  S Y S T E M  ---------------

OS:
 Windows 10 , 64 bit Build 19041 (10.0.19041.1202)
OS uptime: 0 days 9:39 hours
Hyper-V role detected

CPU: total 4 (initial active 4) (2 cores per cpu, 2 threads per core) family 6 model 61 stepping 4 microcode 0x2d, cx8, cmov, fxsr, ht, mmx, 3dnowpref, sse, sse2, sse3, ssse3, sse4.1, sse4.2, popcnt, lzcnt, tsc, tscinvbit, avx, avx2, aes, erms, clmul, bmi1, bmi2, adx, fma, vzeroupper, clflush, hv

Memory: 4k page, system-wide physical 7875M (980M free)
TotalPageFile size 8660M (AvailPageFile size 0M)
current process WorkingSet (physical memory assigned to process): 206M, peak: 215M
current process commit charge ("private bytes"): 241M, peak: 276M

vm_info: OpenJDK 64-Bit Server VM (16+36-2231) for windows-amd64 JRE (16+36-2231), built on Feb  8 2021 11:39:36 by "mach5one" with MS VC++ 16.7 (VS2019)

END.
